app/(tabs)/attendance.tsx(135,38): error TS2304: Cannot find name 'ChevronRight'.
app/(tabs)/reward.tsx(68,55): error TS2552: Cannot find name 'Clock'. Did you mean 'Lock'?
